#
# There is insufficient memory for the Java Runtime Environment to continue.
# Native memory allocation (mmap) failed to map 268435456 bytes for G1 virtual space
# Possible reasons:
#   The system is out of physical RAM or swap space
#   The process is running with CompressedOops enabled, and the Java Heap may be blocking the growth of the native heap
# Possible solutions:
#   Reduce memory load on the system
#   Increase physical memory or swap space
#   Check if swap backing store is full
#   Decrease Java heap size (-Xmx/-Xms)
#   Decrease number of Java threads
#   Decrease Java thread stack sizes (-Xss)
#   Set larger code cache with -XX:ReservedCodeCacheSize=
#   JVM is running with Zero Based Compressed Oops mode in which the Java heap is
#     placed in the first 32GB address space. The Java Heap base address is the
#     maximum limit for the native heap growth. Please use -XX:HeapBaseMinAddress
#     to set the Java Heap base and to place the Java Heap above 32GB virtual address.
# This output file may be truncated or incomplete.
#
#  Out of Memory Error (os_windows.cpp:3552), pid=27756, tid=29016
#
# JRE version:  (17.0.9+11) (build )
# Java VM: Java HotSpot(TM) 64-Bit Server VM (17.0.9+11-LTS-201, mixed mode, sharing, tiered, compressed oops, compressed class ptrs, g1 gc, windows-amd64)
# No core dump will be written. Minidumps are not enabled by default on client versions of Windows
#

---------------  S U M M A R Y ------------

Command Line: -Dfile.encoding=UTF-8 -XX:+ShowCodeDetailsInExceptionMessages baseball.Application

Host: Intel(R) Core(TM) i5-3470 CPU @ 3.20GHz, 4 cores, 15G,  Windows 10 , 64 bit Build 19041 (10.0.19041.3570)
Time: Tue Oct 24 03:36:38 2023  Windows 10 , 64 bit Build 19041 (10.0.19041.3570) elapsed time: 0.033871 seconds (0d 0h 0m 0s)

---------------  T H R E A D  ---------------

Current thread (0x000001d63c6c3af0):  JavaThread "Unknown thread" [_thread_in_vm, id=29016, stack(0x0000004c65400000,0x0000004c65500000)]

Stack: [0x0000004c65400000,0x0000004c65500000]
Native frames: (J=compiled Java code, j=interpreted, Vv=VM code, C=native code)
V  [jvm.dll+0x678a4a]
V  [jvm.dll+0x7d9cfd]
V  [jvm.dll+0x7db60e]
V  [jvm.dll+0x7dbc73]
V  [jvm.dll+0x245e1f]
V  [jvm.dll+0x6758f9]
V  [jvm.dll+0x66a2a2]
V  [jvm.dll+0x303686]
V  [jvm.dll+0x30ac06]
V  [jvm.dll+0x35a48e]
V  [jvm.dll+0x35a6bf]
V  [jvm.dll+0x2da678]
V  [jvm.dll+0x2db5e4]
V  [jvm.dll+0x7ab6b1]
V  [jvm.dll+0x368041]
V  [jvm.dll+0x78a749]
V  [jvm.dll+0x3ebd4f]
V  [jvm.dll+0x3ed7d1]
C  [jli.dll+0x5297]
C  [ucrtbase.dll+0x21bb2]
C  [KERNEL32.DLL+0x17344]
C  [ntdll.dll+0x526b1]


---------------  P R O C E S S  ---------------

Threads class SMR info:
_java_thread_list=0x00007ff9187d89d8, length=0, elements={
}

Java Threads: ( => current thread )

Other Threads:
  0x000001d63c72d030 GCTaskThread "GC Thread#0" [stack: 0x0000004c65500000,0x0000004c65600000] [id=22060]
  0x000001d63c73e6a0 ConcurrentGCThread "G1 Main Marker" [stack: 0x0000004c65600000,0x0000004c65700000] [id=12996]
  0x000001d63c73f0b0 ConcurrentGCThread "G1 Conc#0" [stack: 0x0000004c65700000,0x0000004c65800000] [id=26968]

[error occurred during error reporting (printing all threads), id 0xc0000005, EXCEPTION_ACCESS_VIOLATION (0xc0000005) at pc=0x00007ff91800b2d7]

VM state: not at safepoint (not fully initialized)

VM Mutex/Monitor currently owned by a thread:  ([mutex/lock_event])
[0x000001d63c6c13e0] Heap_lock - owner thread: 0x000001d63c6c3af0

Heap address: 0x0000000700800000, size: 4088 MB, Compressed Oops mode: Zero based, Oop shift amount: 3

CDS archive(s) mapped at: [0x0000000000000000-0x0000000000000000-0x0000000000000000), size 0, SharedBaseAddress: 0x0000000800000000, ArchiveRelocationMode: 1.
Narrow klass base: 0x0000000000000000, Narrow klass shift: 0, Narrow klass range: 0x0

GC Precious Log:
<Empty>

Heap:
 garbage-first heap   total 0K, used 0K [0x0000000700800000, 0x0000000800000000)
  region size 2048K, 0 young (0K), 0 survivors (0K)

[error occurred during error reporting (printing heap information), id 0xc0000005, EXCEPTION_ACCESS_VIOLATION (0xc0000005) at pc=0x00007ff9183f2229]

GC Heap History (0 events):
No events

Deoptimization events (0 events):
No events

Classes unloaded (0 events):
No events

Classes redefined (0 events):
No events

Internal exceptions (0 events):
No events

VM Operations (0 events):
No events

Events (1 events):
Event: 0.026 Loaded shared library C:\Program Files\Java\jdk-17\bin\java.dll


Dynamic libraries:
0x00007ff605260000 - 0x00007ff605270000 	C:\Program Files\Java\jdk-17\bin\javaw.exe
0x00007ff983630000 - 0x00007ff983827000 	C:\WINDOWS\SYSTEM32\ntdll.dll
0x00007ff982f80000 - 0x00007ff98303d000 	C:\WINDOWS\System32\KERNEL32.DLL
0x00007ff981060000 - 0x00007ff981356000 	C:\WINDOWS\System32\KERNELBASE.dll
0x00007ff980d10000 - 0x00007ff980e10000 	C:\WINDOWS\System32\ucrtbase.dll
0x00007ff977c80000 - 0x00007ff977c9b000 	C:\Program Files\Java\jdk-17\bin\VCRUNTIME140.dll
0x00007ff9776f0000 - 0x00007ff977709000 	C:\Program Files\Java\jdk-17\bin\jli.dll
0x00007ff983040000 - 0x00007ff9830ee000 	C:\WINDOWS\System32\ADVAPI32.dll
0x00007ff981930000 - 0x00007ff9819ce000 	C:\WINDOWS\System32\msvcrt.dll
0x00007ff983410000 - 0x00007ff9834ac000 	C:\WINDOWS\System32\sechost.dll
0x00007ff982210000 - 0x00007ff982336000 	C:\WINDOWS\System32\RPCRT4.dll
0x00007ff981690000 - 0x00007ff98182e000 	C:\WINDOWS\System32\USER32.dll
0x00007ff981030000 - 0x00007ff981052000 	C:\WINDOWS\System32\win32u.dll
0x00007ff982480000 - 0x00007ff9824ac000 	C:\WINDOWS\System32\GDI32.dll
0x00007ff980e10000 - 0x00007ff980f2a000 	C:\WINDOWS\System32\gdi32full.dll
0x00007ff9815f0000 - 0x00007ff98168d000 	C:\WINDOWS\System32\msvcp_win.dll
0x00007ff96bee0000 - 0x00007ff96c17a000 	C:\WINDOWS\WinSxS\amd64_microsoft.windows.common-controls_6595b64144ccf1df_6.0.19041.3570_none_60bb2a3971f3e41a\COMCTL32.dll
0x00007ff97a810000 - 0x00007ff97a81a000 	C:\WINDOWS\SYSTEM32\VERSION.dll
0x00007ff9829d0000 - 0x00007ff982a00000 	C:\WINDOWS\System32\IMM32.DLL
0x00007ff97e4b0000 - 0x00007ff97e4bc000 	C:\Program Files\Java\jdk-17\bin\vcruntime140_1.dll
0x00007ff946fb0000 - 0x00007ff94703e000 	C:\Program Files\Java\jdk-17\bin\msvcp140.dll
0x00007ff917d20000 - 0x00007ff918901000 	C:\Program Files\Java\jdk-17\bin\server\jvm.dll
0x00007ff981920000 - 0x00007ff981928000 	C:\WINDOWS\System32\PSAPI.DLL
0x00007ff976c30000 - 0x00007ff976c57000 	C:\WINDOWS\SYSTEM32\WINMM.dll
0x00007ff965de0000 - 0x00007ff965de9000 	C:\WINDOWS\SYSTEM32\WSOCK32.dll
0x00007ff9819d0000 - 0x00007ff981a3b000 	C:\WINDOWS\System32\WS2_32.dll
0x00007ff97ebd0000 - 0x00007ff97ebe2000 	C:\WINDOWS\SYSTEM32\kernel.appcore.dll
0x00007ff9776a0000 - 0x00007ff9776aa000 	C:\Program Files\Java\jdk-17\bin\jimage.dll
0x00007ff974360000 - 0x00007ff974544000 	C:\WINDOWS\SYSTEM32\DBGHELP.DLL
0x00007ff966340000 - 0x00007ff966374000 	C:\WINDOWS\SYSTEM32\dbgcore.DLL
0x00007ff981530000 - 0x00007ff9815b2000 	C:\WINDOWS\System32\bcryptPrimitives.dll
0x00007ff9766d0000 - 0x00007ff9766f5000 	C:\Program Files\Java\jdk-17\bin\java.dll

dbghelp: loaded successfully - version: 4.0.5 - missing functions: none
symbol engine: initialized successfully - sym options: 0x614 - pdb path: .;C:\Program Files\Java\jdk-17\bin;C:\WINDOWS\SYSTEM32;C:\WINDOWS\WinSxS\amd64_microsoft.windows.common-controls_6595b64144ccf1df_6.0.19041.3570_none_60bb2a3971f3e41a;C:\Program Files\Java\jdk-17\bin\server

VM Arguments:
jvm_args: -Dfile.encoding=UTF-8 -XX:+ShowCodeDetailsInExceptionMessages 
java_command: baseball.Application
java_class_path (initial): C:\Users\user\git\java-baseball-6\bin\main;C:\Users\user\.gradle\caches\modules-2\files-2.1\com.github.woowacourse-projects\mission-utils\1.1.0\a4b1a3600a51a05d44913c93181de7d143fadce2\mission-utils-1.1.0.jar;C:\Users\user\.gradle\caches\modules-2\files-2.1\org.assertj\assertj-core\3.21.0\27a14d6d22c4e3d58f799fb2a5ca8eaf53e6942a\assertj-core-3.21.0.jar;C:\Users\user\.gradle\caches\modules-2\files-2.1\org.junit.jupiter\junit-jupiter-params\5.8.1\13afdb5d414cbe991fce3ef6b864de77c9644dae\junit-jupiter-params-5.8.1.jar;C:\Users\user\.gradle\caches\modules-2\files-2.1\org.junit.jupiter\junit-jupiter-api\5.8.1\6538b88eb8bf8811bc7b6efb5246f835c15e0bfe\junit-jupiter-api-5.8.1.jar;C:\Users\user\.gradle\caches\modules-2\files-2.1\org.junit.platform\junit-platform-commons\1.8.1\1e362cbe6d0f225b066757865e233972557484\junit-platform-commons-1.8.1.jar;C:\Users\user\.gradle\caches\modules-2\files-2.1\org.junit.jupiter\junit-jupiter\5.8.1\73a218cf02d36d4e87bb9697fdbe0780e92b6bd3\junit-jupiter-5.8.1.jar;C:\Users\user\.gradle\caches\modules-2\files-2.1\org.mockito\mockito-inline\3.12.4\3d1dffee9a8a1998ec782383ca2f818848f2d5f1\mockito-inline-3.12.4.jar;C:\Users\user\.gradle\caches\modules-2\files-2.1\org.mockito\mockito-core\3.12.4\f9cdc14ea4a3573c0c0366d47d5ca960be24ddb6\mockito-core-3.12.4.jar;C:\Users\user\.gradle\caches\modules-2\files-2.1\org.opentest4j\opentest4j\1.2.0\28c11eb91f9b6d8e200631d46e20a7f407f2a046\opentest4j-1.2.0.jar;C:\Users\user\.gradle\caches\modules-2\files-2.1\org.apiguardian\apiguardian-api\1.1.2\a231e0d844d2721b0fa1b238006d15c6ded6842a\apiguardian-api-1.1.2.jar;C:\Users\user\.gradle\caches\modules-2\files-2.1\net.bytebuddy\byte-buddy\1.11.13\a85d4d74de5ce7a4dd5cbbd337ced6af2740acd\byte-buddy-1.11.13.jar;C:\Users\user\.gradle\caches\modules-2\files-2.1\net.bytebuddy\byte-buddy-agent\1.11.13\8c7aaa0ef9863fa89a711bfc5d8e2e0affa0d67f\byte-buddy-agent-1.11.13.jar;C:\Users\user\.gradle\caches\modules-2\files-2.1\org.objenesis\objenesis\
Launcher Type: SUN_STANDARD

[Global flags]
     intx CICompilerCount                          = 3                                         {product} {ergonomic}
     uint ConcGCThreads                            = 1                                         {product} {ergonomic}
     uint G1ConcRefinementThreads                  = 4                                         {product} {ergonomic}
   size_t G1HeapRegionSize                         = 2097152                                   {product} {ergonomic}
    uintx GCDrainStackTargetSize                   = 64                                        {product} {ergonomic}
   size_t InitialHeapSize                          = 268435456                                 {product} {ergonomic}
   size_t MarkStackSize                            = 4194304                                   {product} {ergonomic}
   size_t MaxHeapSize                              = 4286578688                                {product} {ergonomic}
   size_t MinHeapDeltaBytes                        = 2097152                                   {product} {ergonomic}
   size_t MinHeapSize                              = 8388608                                   {product} {ergonomic}
    uintx NonNMethodCodeHeapSize                   = 5832780                                {pd product} {ergonomic}
    uintx NonProfiledCodeHeapSize                  = 122912730                              {pd product} {ergonomic}
    uintx ProfiledCodeHeapSize                     = 122912730                              {pd product} {ergonomic}
    uintx ReservedCodeCacheSize                    = 251658240                              {pd product} {ergonomic}
     bool SegmentedCodeCache                       = true                                      {product} {ergonomic}
     bool ShowCodeDetailsInExceptionMessages       = true                                   {manageable} {command line}
   size_t SoftMaxHeapSize                          = 4286578688                             {manageable} {ergonomic}
     bool UseCompressedClassPointers               = true                           {product lp64_product} {ergonomic}
     bool UseCompressedOops                        = true                           {product lp64_product} {ergonomic}
     bool UseG1GC                                  = true                                      {product} {ergonomic}
     bool UseLargePagesIndividualAllocation        = false                                  {pd product} {ergonomic}

Logging:
Log output configuration:
 #0: stdout all=warning uptime,level,tags
 #1: stderr all=off uptime,level,tags

Environment Variables:
PATH=C:/Á¤½ÂÈÆ/sts-4.19.0.RELEASE//plugins/org.eclipse.justj.openjdk.hotspot.jre.full.win32.x86_64_17.0.7.v20230425-1502/jre/bin/server;C:/Á¤½ÂÈÆ/sts-4.19.0.RELEASE//plugins/org.eclipse.justj.openjdk.hotspot.jre.full.win32.x86_64_17.0.7.v20230425-1502/jre/bin;C:\oraclexe\app\oracle\product\11.2.0\server\bin;;C:\app\user\product\21c\dbhomeXE\bin;%JAVA_HOME%\bin\;C:\Program Files\Common Files\Oracle\Java\javapath;C:\WINDOWS\system32;C:\WINDOWS;C:\WINDOWS\System32\Wbem;C:\WINDOWS\System32\WindowsPowerShell\v1.0\;C:\WINDOWS\System32\OpenSSH\;C:\Program Files (x86)\NVIDIA Corporation\PhysX\Common;C:\Program Files\NVIDIA Corporation\NVIDIA NvDLISR;C:\Program Files\dotnet\;C:\ProgramData\chocolatey\bin;C:\Program Files\Java\jdk-11\bin;C:\Program Files\Git\cmd;C:\Users\user\AppData\Local\Microsoft\WindowsApps;C:\Users\user\AppData\Local\Programs\Microsoft VS Code\bin;C:\Program Files\JetBrains\IntelliJ IDEA Community Edition 2023.1.1\bin;;C:\Á¤½ÂÈÆ\sts-4.19.0.RELEASE;
USERNAME=user
OS=Windows_NT
PROCESSOR_IDENTIFIER=Intel64 Family 6 Model 58 Stepping 9, GenuineIntel



---------------  S Y S T E M  ---------------

OS:
 Windows 10 , 64 bit Build 19041 (10.0.19041.3570)
OS uptime: 4 days 4:33 hours

CPU: total 4 (initial active 4) (4 cores per cpu, 1 threads per core) family 6 model 58 stepping 9 microcode 0x21, cx8, cmov, fxsr, mmx, sse, sse2, sse3, ssse3, sse4.1, sse4.2, popcnt, tsc, tscinvbit, avx, aes, erms, clmul, vzeroupper, clflush

Memory: 4k page, system-wide physical 16348M (6828M free)
TotalPageFile size 16348M (AvailPageFile size 148M)
current process WorkingSet (physical memory assigned to process): 10M, peak: 10M
current process commit charge ("private bytes"): 52M, peak: 307M

vm_info: Java HotSpot(TM) 64-Bit Server VM (17.0.9+11-LTS-201) for windows-amd64 JRE (17.0.9+11-LTS-201), built on Oct 10 2023 23:16:06 by "mach5one" with MS VC++ 17.1 (VS2022)

END.
