#
# There is insufficient memory for the Java Runtime Environment to continue.
# Native memory allocation (malloc) failed to allocate 32744 bytes for ChunkPool::allocate
# Possible reasons:
#   The system is out of physical RAM or swap space
#   The process is running with CompressedOops enabled, and the Java Heap may be blocking the growth of the native heap
# Possible solutions:
#   Reduce memory load on the system
#   Increase physical memory or swap space
#   Check if swap backing store is full
#   Decrease Java heap size (-Xmx/-Xms)
#   Decrease number of Java threads
#   Decrease Java thread stack sizes (-Xss)
#   Set larger code cache with -XX:ReservedCodeCacheSize=
#   JVM is running with Zero Based Compressed Oops mode in which the Java heap is
#     placed in the first 32GB address space. The Java Heap base address is the
#     maximum limit for the native heap growth. Please use -XX:HeapBaseMinAddress
#     to set the Java Heap base and to place the Java Heap above 32GB virtual address.
# This output file may be truncated or incomplete.
#
#  Out of Memory Error (arena.cpp:78), pid=9344, tid=4920
#
# JRE version: Java(TM) SE Runtime Environment (17.0.9+11) (build 17.0.9+11-LTS-201)
# Java VM: Java HotSpot(TM) 64-Bit Server VM (17.0.9+11-LTS-201, mixed mode, sharing, tiered, compressed oops, compressed class ptrs, g1 gc, windows-amd64)
# No core dump will be written. Minidumps are not enabled by default on client versions of Windows
#

---------------  S U M M A R Y ------------

Command Line: net.bytebuddy.agent.Attacher com.sun.tools.attach.VirtualMachine 27304 C:\Users\user\.gradle\caches\modules-2\files-2.1\net.bytebuddy\byte-buddy-agent\1.11.13\8c7aaa0ef9863fa89a711bfc5d8e2e0affa0d67f\byte-buddy-agent-1.11.13.jar false 

Host: Intel(R) Core(TM) i5-3470 CPU @ 3.20GHz, 4 cores, 15G,  Windows 10 , 64 bit Build 19041 (10.0.19041.3570)
Time: Tue Oct 24 03:20:17 2023  Windows 10 , 64 bit Build 19041 (10.0.19041.3570) elapsed time: 0.177965 seconds (0d 0h 0m 0s)

---------------  T H R E A D  ---------------

Current thread (0x00000213e1bae500):  JavaThread "C1 CompilerThread0" daemon [_thread_in_native, id=4920, stack(0x000000f845b00000,0x000000f845c00000)]


Current CompileTask:
C1:    178  222       3       jdk.internal.org.objectweb.asm.Frame::execute (2305 bytes)

Stack: [0x000000f845b00000,0x000000f845c00000]
Native frames: (J=compiled Java code, j=interpreted, Vv=VM code, C=native code)
V  [jvm.dll+0x678a4a]
V  [jvm.dll+0x7d9cfd]
V  [jvm.dll+0x7db60e]
V  [jvm.dll+0x7dbc73]
V  [jvm.dll+0x245e1f]
V  [jvm.dll+0xaad50]
V  [jvm.dll+0xab09c]
V  [jvm.dll+0x2486b1]
V  [jvm.dll+0x2488dc]
V  [jvm.dll+0x248369]
V  [jvm.dll+0x14a31a]
V  [jvm.dll+0x14a2a1]
V  [jvm.dll+0x150207]
V  [jvm.dll+0x132bb1]
V  [jvm.dll+0x151282]
V  [jvm.dll+0x134c23]
V  [jvm.dll+0x13476a]
V  [jvm.dll+0x134958]
V  [jvm.dll+0x133df1]
V  [jvm.dll+0x135a8d]
V  [jvm.dll+0x2272de]
V  [jvm.dll+0x22548b]
V  [jvm.dll+0x78f58c]
V  [jvm.dll+0x78998a]
V  [jvm.dll+0x677875]
C  [ucrtbase.dll+0x21bb2]
C  [KERNEL32.DLL+0x17344]
C  [ntdll.dll+0x526b1]


---------------  P R O C E S S  ---------------

Threads class SMR info:
_java_thread_list=0x00000213e1cf8e50, length=12, elements={
0x00000213bf629e90, 0x00000213e1b82b70, 0x00000213e1b83900, 0x00000213e1b97b80,
0x00000213e1b9b470, 0x00000213e1ba0150, 0x00000213e1ba3f20, 0x00000213e1bacbe0,
0x00000213e1bae500, 0x00000213e1bc15e0, 0x00000213e1cd6460, 0x00000213e1d02dd0
}

Java Threads: ( => current thread )
  0x00000213bf629e90 JavaThread "main" [_thread_in_Java, id=22412, stack(0x000000f844d00000,0x000000f844e00000)]
  0x00000213e1b82b70 JavaThread "Reference Handler" daemon [_thread_blocked, id=26988, stack(0x000000f845400000,0x000000f845500000)]
  0x00000213e1b83900 JavaThread "Finalizer" daemon [_thread_blocked, id=20236, stack(0x000000f845500000,0x000000f845600000)]
  0x00000213e1b97b80 JavaThread "Signal Dispatcher" daemon [_thread_blocked, id=29484, stack(0x000000f845600000,0x000000f845700000)]
  0x00000213e1b9b470 JavaThread "Attach Listener" daemon [_thread_blocked, id=29304, stack(0x000000f845700000,0x000000f845800000)]
  0x00000213e1ba0150 JavaThread "Service Thread" daemon [_thread_blocked, id=7220, stack(0x000000f845800000,0x000000f845900000)]
  0x00000213e1ba3f20 JavaThread "Monitor Deflation Thread" daemon [_thread_blocked, id=19628, stack(0x000000f845900000,0x000000f845a00000)]
  0x00000213e1bacbe0 JavaThread "C2 CompilerThread0" daemon [_thread_blocked, id=27560, stack(0x000000f845a00000,0x000000f845b00000)]
=>0x00000213e1bae500 JavaThread "C1 CompilerThread0" daemon [_thread_in_native, id=4920, stack(0x000000f845b00000,0x000000f845c00000)]
  0x00000213e1bc15e0 JavaThread "Sweeper thread" daemon [_thread_blocked, id=20000, stack(0x000000f845c00000,0x000000f845d00000)]
  0x00000213e1cd6460 JavaThread "Notification Thread" daemon [_thread_blocked, id=20800, stack(0x000000f845d00000,0x000000f845e00000)]
  0x00000213e1d02dd0 JavaThread "Common-Cleaner" daemon [_thread_blocked, id=6084, stack(0x000000f845f00000,0x000000f846000000)]

Other Threads:
  0x00000213e1b7d790 VMThread "VM Thread" [stack: 0x000000f845300000,0x000000f845400000] [id=27812]
  0x00000213e1cfc970 WatcherThread [stack: 0x000000f845e00000,0x000000f845f00000] [id=28244]
  0x00000213bf6977b0 GCTaskThread "GC Thread#0" [stack: 0x000000f844e00000,0x000000f844f00000] [id=22776]
  0x00000213bf6a95a0 ConcurrentGCThread "G1 Main Marker" [stack: 0x000000f844f00000,0x000000f845000000] [id=23612]
  0x00000213bf6aa660 ConcurrentGCThread "G1 Conc#0" [stack: 0x000000f845000000,0x000000f845100000] [id=20040]
  0x00000213bf70e6d0 ConcurrentGCThread "G1 Refine#0" [stack: 0x000000f845100000,0x000000f845200000] [id=4624]
  0x00000213e1a32620 ConcurrentGCThread "G1 Service" [stack: 0x000000f845200000,0x000000f845300000] [id=11368]

Threads with active compile tasks:
C1 CompilerThread0      227  222       3       jdk.internal.org.objectweb.asm.Frame::execute (2305 bytes)

VM state: not at safepoint (normal execution)

VM Mutex/Monitor currently owned by a thread: None

Heap address: 0x0000000700800000, size: 4088 MB, Compressed Oops mode: Zero based, Oop shift amount: 3

CDS archive(s) mapped at: [0x00000213e2000000-0x00000213e2bd0000-0x00000213e2bd0000), size 12386304, SharedBaseAddress: 0x00000213e2000000, ArchiveRelocationMode: 1.
Compressed class space mapped at: 0x00000213e3000000-0x0000021423000000, reserved size: 1073741824
Narrow klass base: 0x00000213e2000000, Narrow klass shift: 0, Narrow klass range: 0x100000000

GC Precious Log:
 CPUs: 4 total, 4 available
 Memory: 16348M
 Large Page Support: Disabled
 NUMA Support: Disabled
 Compressed Oops: Enabled (Zero based)
 Heap Region Size: 2M
 Heap Min Capacity: 8M
 Heap Initial Capacity: 256M
 Heap Max Capacity: 4088M
 Pre-touch: Disabled
 Parallel Workers: 4
 Concurrent Workers: 1
 Concurrent Refinement Workers: 4
 Periodic GC: Disabled

Heap:
 garbage-first heap   total 262144K, used 2048K [0x0000000700800000, 0x0000000800000000)
  region size 2048K, 2 young (4096K), 0 survivors (0K)
 Metaspace       used 999K, committed 1216K, reserved 1114112K
  class space    used 103K, committed 192K, reserved 1048576K

Heap Regions: E=young(eden), S=young(survivor), O=old, HS=humongous(starts), HC=humongous(continues), CS=collection set, F=free, OA=open archive, CA=closed archive, TAMS=top-at-mark-start (previous, next)
|   0|0x0000000700800000, 0x0000000700800000, 0x0000000700a00000|  0%| F|  |TAMS 0x0000000700800000, 0x0000000700800000| Untracked 
|   1|0x0000000700a00000, 0x0000000700a00000, 0x0000000700c00000|  0%| F|  |TAMS 0x0000000700a00000, 0x0000000700a00000| Untracked 
|   2|0x0000000700c00000, 0x0000000700c00000, 0x0000000700e00000|  0%| F|  |TAMS 0x0000000700c00000, 0x0000000700c00000| Untracked 
|   3|0x0000000700e00000, 0x0000000700e00000, 0x0000000701000000|  0%| F|  |TAMS 0x0000000700e00000, 0x0000000700e00000| Untracked 
|   4|0x0000000701000000, 0x0000000701000000, 0x0000000701200000|  0%| F|  |TAMS 0x0000000701000000, 0x0000000701000000| Untracked 
|   5|0x0000000701200000, 0x0000000701200000, 0x0000000701400000|  0%| F|  |TAMS 0x0000000701200000, 0x0000000701200000| Untracked 
|   6|0x0000000701400000, 0x0000000701400000, 0x0000000701600000|  0%| F|  |TAMS 0x0000000701400000, 0x0000000701400000| Untracked 
|   7|0x0000000701600000, 0x0000000701600000, 0x0000000701800000|  0%| F|  |TAMS 0x0000000701600000, 0x0000000701600000| Untracked 
|   8|0x0000000701800000, 0x0000000701800000, 0x0000000701a00000|  0%| F|  |TAMS 0x0000000701800000, 0x0000000701800000| Untracked 
|   9|0x0000000701a00000, 0x0000000701a00000, 0x0000000701c00000|  0%| F|  |TAMS 0x0000000701a00000, 0x0000000701a00000| Untracked 
|  10|0x0000000701c00000, 0x0000000701c00000, 0x0000000701e00000|  0%| F|  |TAMS 0x0000000701c00000, 0x0000000701c00000| Untracked 
|  11|0x0000000701e00000, 0x0000000701e00000, 0x0000000702000000|  0%| F|  |TAMS 0x0000000701e00000, 0x0000000701e00000| Untracked 
|  12|0x0000000702000000, 0x0000000702000000, 0x0000000702200000|  0%| F|  |TAMS 0x0000000702000000, 0x0000000702000000| Untracked 
|  13|0x0000000702200000, 0x0000000702200000, 0x0000000702400000|  0%| F|  |TAMS 0x0000000702200000, 0x0000000702200000| Untracked 
|  14|0x0000000702400000, 0x0000000702400000, 0x0000000702600000|  0%| F|  |TAMS 0x0000000702400000, 0x0000000702400000| Untracked 
|  15|0x0000000702600000, 0x0000000702600000, 0x0000000702800000|  0%| F|  |TAMS 0x0000000702600000, 0x0000000702600000| Untracked 
|  16|0x0000000702800000, 0x0000000702800000, 0x0000000702a00000|  0%| F|  |TAMS 0x0000000702800000, 0x0000000702800000| Untracked 
|  17|0x0000000702a00000, 0x0000000702a00000, 0x0000000702c00000|  0%| F|  |TAMS 0x0000000702a00000, 0x0000000702a00000| Untracked 
|  18|0x0000000702c00000, 0x0000000702c00000, 0x0000000702e00000|  0%| F|  |TAMS 0x0000000702c00000, 0x0000000702c00000| Untracked 
|  19|0x0000000702e00000, 0x0000000702e00000, 0x0000000703000000|  0%| F|  |TAMS 0x0000000702e00000, 0x0000000702e00000| Untracked 
|  20|0x0000000703000000, 0x0000000703000000, 0x0000000703200000|  0%| F|  |TAMS 0x0000000703000000, 0x0000000703000000| Untracked 
|  21|0x0000000703200000, 0x0000000703200000, 0x0000000703400000|  0%| F|  |TAMS 0x0000000703200000, 0x0000000703200000| Untracked 
|  22|0x0000000703400000, 0x0000000703400000, 0x0000000703600000|  0%| F|  |TAMS 0x0000000703400000, 0x0000000703400000| Untracked 
|  23|0x0000000703600000, 0x0000000703600000, 0x0000000703800000|  0%| F|  |TAMS 0x0000000703600000, 0x0000000703600000| Untracked 
|  24|0x0000000703800000, 0x0000000703800000, 0x0000000703a00000|  0%| F|  |TAMS 0x0000000703800000, 0x0000000703800000| Untracked 
|  25|0x0000000703a00000, 0x0000000703a00000, 0x0000000703c00000|  0%| F|  |TAMS 0x0000000703a00000, 0x0000000703a00000| Untracked 
|  26|0x0000000703c00000, 0x0000000703c00000, 0x0000000703e00000|  0%| F|  |TAMS 0x0000000703c00000, 0x0000000703c00000| Untracked 
|  27|0x0000000703e00000, 0x0000000703e00000, 0x0000000704000000|  0%| F|  |TAMS 0x0000000703e00000, 0x0000000703e00000| Untracked 
|  28|0x0000000704000000, 0x0000000704000000, 0x0000000704200000|  0%| F|  |TAMS 0x0000000704000000, 0x0000000704000000| Untracked 
|  29|0x0000000704200000, 0x0000000704200000, 0x0000000704400000|  0%| F|  |TAMS 0x0000000704200000, 0x0000000704200000| Untracked 
|  30|0x0000000704400000, 0x0000000704400000, 0x0000000704600000|  0%| F|  |TAMS 0x0000000704400000, 0x0000000704400000| Untracked 
|  31|0x0000000704600000, 0x0000000704600000, 0x0000000704800000|  0%| F|  |TAMS 0x0000000704600000, 0x0000000704600000| Untracked 
|  32|0x0000000704800000, 0x0000000704800000, 0x0000000704a00000|  0%| F|  |TAMS 0x0000000704800000, 0x0000000704800000| Untracked 
|  33|0x0000000704a00000, 0x0000000704a00000, 0x0000000704c00000|  0%| F|  |TAMS 0x0000000704a00000, 0x0000000704a00000| Untracked 
|  34|0x0000000704c00000, 0x0000000704c00000, 0x0000000704e00000|  0%| F|  |TAMS 0x0000000704c00000, 0x0000000704c00000| Untracked 
|  35|0x0000000704e00000, 0x0000000704e00000, 0x0000000705000000|  0%| F|  |TAMS 0x0000000704e00000, 0x0000000704e00000| Untracked 
|  36|0x0000000705000000, 0x0000000705000000, 0x0000000705200000|  0%| F|  |TAMS 0x0000000705000000, 0x0000000705000000| Untracked 
|  37|0x0000000705200000, 0x0000000705200000, 0x0000000705400000|  0%| F|  |TAMS 0x0000000705200000, 0x0000000705200000| Untracked 
|  38|0x0000000705400000, 0x0000000705400000, 0x0000000705600000|  0%| F|  |TAMS 0x0000000705400000, 0x0000000705400000| Untracked 
|  39|0x0000000705600000, 0x0000000705600000, 0x0000000705800000|  0%| F|  |TAMS 0x0000000705600000, 0x0000000705600000| Untracked 
|  40|0x0000000705800000, 0x0000000705800000, 0x0000000705a00000|  0%| F|  |TAMS 0x0000000705800000, 0x0000000705800000| Untracked 
|  41|0x0000000705a00000, 0x0000000705a00000, 0x0000000705c00000|  0%| F|  |TAMS 0x0000000705a00000, 0x0000000705a00000| Untracked 
|  42|0x0000000705c00000, 0x0000000705c00000, 0x0000000705e00000|  0%| F|  |TAMS 0x0000000705c00000, 0x0000000705c00000| Untracked 
|  43|0x0000000705e00000, 0x0000000705e00000, 0x0000000706000000|  0%| F|  |TAMS 0x0000000705e00000, 0x0000000705e00000| Untracked 
|  44|0x0000000706000000, 0x0000000706000000, 0x0000000706200000|  0%| F|  |TAMS 0x0000000706000000, 0x0000000706000000| Untracked 
|  45|0x0000000706200000, 0x0000000706200000, 0x0000000706400000|  0%| F|  |TAMS 0x0000000706200000, 0x0000000706200000| Untracked 
|  46|0x0000000706400000, 0x0000000706400000, 0x0000000706600000|  0%| F|  |TAMS 0x0000000706400000, 0x0000000706400000| Untracked 
|  47|0x0000000706600000, 0x0000000706600000, 0x0000000706800000|  0%| F|  |TAMS 0x0000000706600000, 0x0000000706600000| Untracked 
|  48|0x0000000706800000, 0x0000000706800000, 0x0000000706a00000|  0%| F|  |TAMS 0x0000000706800000, 0x0000000706800000| Untracked 
|  49|0x0000000706a00000, 0x0000000706a00000, 0x0000000706c00000|  0%| F|  |TAMS 0x0000000706a00000, 0x0000000706a00000| Untracked 
|  50|0x0000000706c00000, 0x0000000706c00000, 0x0000000706e00000|  0%| F|  |TAMS 0x0000000706c00000, 0x0000000706c00000| Untracked 
|  51|0x0000000706e00000, 0x0000000706e00000, 0x0000000707000000|  0%| F|  |TAMS 0x0000000706e00000, 0x0000000706e00000| Untracked 
|  52|0x0000000707000000, 0x0000000707000000, 0x0000000707200000|  0%| F|  |TAMS 0x0000000707000000, 0x0000000707000000| Untracked 
|  53|0x0000000707200000, 0x0000000707200000, 0x0000000707400000|  0%| F|  |TAMS 0x0000000707200000, 0x0000000707200000| Untracked 
|  54|0x0000000707400000, 0x0000000707400000, 0x0000000707600000|  0%| F|  |TAMS 0x0000000707400000, 0x0000000707400000| Untracked 
|  55|0x0000000707600000, 0x0000000707600000, 0x0000000707800000|  0%| F|  |TAMS 0x0000000707600000, 0x0000000707600000| Untracked 
|  56|0x0000000707800000, 0x0000000707800000, 0x0000000707a00000|  0%| F|  |TAMS 0x0000000707800000, 0x0000000707800000| Untracked 
|  57|0x0000000707a00000, 0x0000000707a00000, 0x0000000707c00000|  0%| F|  |TAMS 0x0000000707a00000, 0x0000000707a00000| Untracked 
|  58|0x0000000707c00000, 0x0000000707c00000, 0x0000000707e00000|  0%| F|  |TAMS 0x0000000707c00000, 0x0000000707c00000| Untracked 
|  59|0x0000000707e00000, 0x0000000707e00000, 0x0000000708000000|  0%| F|  |TAMS 0x0000000707e00000, 0x0000000707e00000| Untracked 
|  60|0x0000000708000000, 0x0000000708000000, 0x0000000708200000|  0%| F|  |TAMS 0x0000000708000000, 0x0000000708000000| Untracked 
|  61|0x0000000708200000, 0x0000000708200000, 0x0000000708400000|  0%| F|  |TAMS 0x0000000708200000, 0x0000000708200000| Untracked 
|  62|0x0000000708400000, 0x0000000708400000, 0x0000000708600000|  0%| F|  |TAMS 0x0000000708400000, 0x0000000708400000| Untracked 
|  63|0x0000000708600000, 0x0000000708600000, 0x0000000708800000|  0%| F|  |TAMS 0x0000000708600000, 0x0000000708600000| Untracked 
|  64|0x0000000708800000, 0x0000000708800000, 0x0000000708a00000|  0%| F|  |TAMS 0x0000000708800000, 0x0000000708800000| Untracked 
|  65|0x0000000708a00000, 0x0000000708a00000, 0x0000000708c00000|  0%| F|  |TAMS 0x0000000708a00000, 0x0000000708a00000| Untracked 
|  66|0x0000000708c00000, 0x0000000708c00000, 0x0000000708e00000|  0%| F|  |TAMS 0x0000000708c00000, 0x0000000708c00000| Untracked 
|  67|0x0000000708e00000, 0x0000000708e00000, 0x0000000709000000|  0%| F|  |TAMS 0x0000000708e00000, 0x0000000708e00000| Untracked 
|  68|0x0000000709000000, 0x0000000709000000, 0x0000000709200000|  0%| F|  |TAMS 0x0000000709000000, 0x0000000709000000| Untracked 
|  69|0x0000000709200000, 0x0000000709200000, 0x0000000709400000|  0%| F|  |TAMS 0x0000000709200000, 0x0000000709200000| Untracked 
|  70|0x0000000709400000, 0x0000000709400000, 0x0000000709600000|  0%| F|  |TAMS 0x0000000709400000, 0x0000000709400000| Untracked 
|  71|0x0000000709600000, 0x0000000709600000, 0x0000000709800000|  0%| F|  |TAMS 0x0000000709600000, 0x0000000709600000| Untracked 
|  72|0x0000000709800000, 0x0000000709800000, 0x0000000709a00000|  0%| F|  |TAMS 0x0000000709800000, 0x0000000709800000| Untracked 
|  73|0x0000000709a00000, 0x0000000709a00000, 0x0000000709c00000|  0%| F|  |TAMS 0x0000000709a00000, 0x0000000709a00000| Untracked 
|  74|0x0000000709c00000, 0x0000000709c00000, 0x0000000709e00000|  0%| F|  |TAMS 0x0000000709c00000, 0x0000000709c00000| Untracked 
|  75|0x0000000709e00000, 0x0000000709e00000, 0x000000070a000000|  0%| F|  |TAMS 0x0000000709e00000, 0x0000000709e00000| Untracked 
|  76|0x000000070a000000, 0x000000070a000000, 0x000000070a200000|  0%| F|  |TAMS 0x000000070a000000, 0x000000070a000000| Untracked 
|  77|0x000000070a200000, 0x000000070a200000, 0x000000070a400000|  0%| F|  |TAMS 0x000000070a200000, 0x000000070a200000| Untracked 
|  78|0x000000070a400000, 0x000000070a400000, 0x000000070a600000|  0%| F|  |TAMS 0x000000070a400000, 0x000000070a400000| Untracked 
|  79|0x000000070a600000, 0x000000070a600000, 0x000000070a800000|  0%| F|  |TAMS 0x000000070a600000, 0x000000070a600000| Untracked 
|  80|0x000000070a800000, 0x000000070a800000, 0x000000070aa00000|  0%| F|  |TAMS 0x000000070a800000, 0x000000070a800000| Untracked 
|  81|0x000000070aa00000, 0x000000070aa00000, 0x000000070ac00000|  0%| F|  |TAMS 0x000000070aa00000, 0x000000070aa00000| Untracked 
|  82|0x000000070ac00000, 0x000000070ac00000, 0x000000070ae00000|  0%| F|  |TAMS 0x000000070ac00000, 0x000000070ac00000| Untracked 
|  83|0x000000070ae00000, 0x000000070ae00000, 0x000000070b000000|  0%| F|  |TAMS 0x000000070ae00000, 0x000000070ae00000| Untracked 
|  84|0x000000070b000000, 0x000000070b000000, 0x000000070b200000|  0%| F|  |TAMS 0x000000070b000000, 0x000000070b000000| Untracked 
|  85|0x000000070b200000, 0x000000070b200000, 0x000000070b400000|  0%| F|  |TAMS 0x000000070b200000, 0x000000070b200000| Untracked 
|  86|0x000000070b400000, 0x000000070b400000, 0x000000070b600000|  0%| F|  |TAMS 0x000000070b400000, 0x000000070b400000| Untracked 
|  87|0x000000070b600000, 0x000000070b600000, 0x000000070b800000|  0%| F|  |TAMS 0x000000070b600000, 0x000000070b600000| Untracked 
|  88|0x000000070b800000, 0x000000070b800000, 0x000000070ba00000|  0%| F|  |TAMS 0x000000070b800000, 0x000000070b800000| Untracked 
|  89|0x000000070ba00000, 0x000000070ba00000, 0x000000070bc00000|  0%| F|  |TAMS 0x000000070ba00000, 0x000000070ba00000| Untracked 
|  90|0x000000070bc00000, 0x000000070bc00000, 0x000000070be00000|  0%| F|  |TAMS 0x000000070bc00000, 0x000000070bc00000| Untracked 
|  91|0x000000070be00000, 0x000000070be00000, 0x000000070c000000|  0%| F|  |TAMS 0x000000070be00000, 0x000000070be00000| Untracked 
|  92|0x000000070c000000, 0x000000070c000000, 0x000000070c200000|  0%| F|  |TAMS 0x000000070c000000, 0x000000070c000000| Untracked 
|  93|0x000000070c200000, 0x000000070c200000, 0x000000070c400000|  0%| F|  |TAMS 0x000000070c200000, 0x000000070c200000| Untracked 
|  94|0x000000070c400000, 0x000000070c400000, 0x000000070c600000|  0%| F|  |TAMS 0x000000070c400000, 0x000000070c400000| Untracked 
|  95|0x000000070c600000, 0x000000070c600000, 0x000000070c800000|  0%| F|  |TAMS 0x000000070c600000, 0x000000070c600000| Untracked 
|  96|0x000000070c800000, 0x000000070c800000, 0x000000070ca00000|  0%| F|  |TAMS 0x000000070c800000, 0x000000070c800000| Untracked 
|  97|0x000000070ca00000, 0x000000070ca00000, 0x000000070cc00000|  0%| F|  |TAMS 0x000000070ca00000, 0x000000070ca00000| Untracked 
|  98|0x000000070cc00000, 0x000000070cc00000, 0x000000070ce00000|  0%| F|  |TAMS 0x000000070cc00000, 0x000000070cc00000| Untracked 
|  99|0x000000070ce00000, 0x000000070ce00000, 0x000000070d000000|  0%| F|  |TAMS 0x000000070ce00000, 0x000000070ce00000| Untracked 
| 100|0x000000070d000000, 0x000000070d000000, 0x000000070d200000|  0%| F|  |TAMS 0x000000070d000000, 0x000000070d000000| Untracked 
| 101|0x000000070d200000, 0x000000070d200000, 0x000000070d400000|  0%| F|  |TAMS 0x000000070d200000, 0x000000070d200000| Untracked 
| 102|0x000000070d400000, 0x000000070d400000, 0x000000070d600000|  0%| F|  |TAMS 0x000000070d400000, 0x000000070d400000| Untracked 
| 103|0x000000070d600000, 0x000000070d600000, 0x000000070d800000|  0%| F|  |TAMS 0x000000070d600000, 0x000000070d600000| Untracked 
| 104|0x000000070d800000, 0x000000070d800000, 0x000000070da00000|  0%| F|  |TAMS 0x000000070d800000, 0x000000070d800000| Untracked 
| 105|0x000000070da00000, 0x000000070da00000, 0x000000070dc00000|  0%| F|  |TAMS 0x000000070da00000, 0x000000070da00000| Untracked 
| 106|0x000000070dc00000, 0x000000070dc00000, 0x000000070de00000|  0%| F|  |TAMS 0x000000070dc00000, 0x000000070dc00000| Untracked 
| 107|0x000000070de00000, 0x000000070de00000, 0x000000070e000000|  0%| F|  |TAMS 0x000000070de00000, 0x000000070de00000| Untracked 
| 108|0x000000070e000000, 0x000000070e000000, 0x000000070e200000|  0%| F|  |TAMS 0x000000070e000000, 0x000000070e000000| Untracked 
| 109|0x000000070e200000, 0x000000070e200000, 0x000000070e400000|  0%| F|  |TAMS 0x000000070e200000, 0x000000070e200000| Untracked 
| 110|0x000000070e400000, 0x000000070e400000, 0x000000070e600000|  0%| F|  |TAMS 0x000000070e400000, 0x000000070e400000| Untracked 
| 111|0x000000070e600000, 0x000000070e600000, 0x000000070e800000|  0%| F|  |TAMS 0x000000070e600000, 0x000000070e600000| Untracked 
| 112|0x000000070e800000, 0x000000070e800000, 0x000000070ea00000|  0%| F|  |TAMS 0x000000070e800000, 0x000000070e800000| Untracked 
| 113|0x000000070ea00000, 0x000000070ea00000, 0x000000070ec00000|  0%| F|  |TAMS 0x000000070ea00000, 0x000000070ea00000| Untracked 
| 114|0x000000070ec00000, 0x000000070ec00000, 0x000000070ee00000|  0%| F|  |TAMS 0x000000070ec00000, 0x000000070ec00000| Untracked 
| 115|0x000000070ee00000, 0x000000070ee00000, 0x000000070f000000|  0%| F|  |TAMS 0x000000070ee00000, 0x000000070ee00000| Untracked 
| 116|0x000000070f000000, 0x000000070f000000, 0x000000070f200000|  0%| F|  |TAMS 0x000000070f000000, 0x000000070f000000| Untracked 
| 117|0x000000070f200000, 0x000000070f200000, 0x000000070f400000|  0%| F|  |TAMS 0x000000070f200000, 0x000000070f200000| Untracked 
| 118|0x000000070f400000, 0x000000070f400000, 0x000000070f600000|  0%| F|  |TAMS 0x000000070f400000, 0x000000070f400000| Untracked 
| 119|0x000000070f600000, 0x000000070f600000, 0x000000070f800000|  0%| F|  |TAMS 0x000000070f600000, 0x000000070f600000| Untracked 
| 120|0x000000070f800000, 0x000000070f800000, 0x000000070fa00000|  0%| F|  |TAMS 0x000000070f800000, 0x000000070f800000| Untracked 
| 121|0x000000070fa00000, 0x000000070fa00000, 0x000000070fc00000|  0%| F|  |TAMS 0x000000070fa00000, 0x000000070fa00000| Untracked 
| 122|0x000000070fc00000, 0x000000070fc00000, 0x000000070fe00000|  0%| F|  |TAMS 0x000000070fc00000, 0x000000070fc00000| Untracked 
| 123|0x000000070fe00000, 0x000000070fe00000, 0x0000000710000000|  0%| F|  |TAMS 0x000000070fe00000, 0x000000070fe00000| Untracked 
| 124|0x0000000710000000, 0x0000000710000000, 0x0000000710200000|  0%| F|  |TAMS 0x0000000710000000, 0x0000000710000000| Untracked 
| 125|0x0000000710200000, 0x0000000710200000, 0x0000000710400000|  0%| F|  |TAMS 0x0000000710200000, 0x0000000710200000| Untracked 
| 126|0x0000000710400000, 0x0000000710488828, 0x0000000710600000| 26%| E|  |TAMS 0x0000000710400000, 0x0000000710400000| Complete 
| 127|0x0000000710600000, 0x0000000710800000, 0x0000000710800000|100%| E|CS|TAMS 0x0000000710600000, 0x0000000710600000| Complete 

Card table byte_map: [0x00000213d66e0000,0x00000213d6ee0000] _byte_map_base: 0x00000213d2edc000

Marking Bits (Prev, Next): (CMBitMap*) 0x00000213bf698cf0, (CMBitMap*) 0x00000213bf698d30
 Prev Bits: [0x00000213d76e0000, 0x00000213db6c0000)
 Next Bits: [0x00000213db6c0000, 0x00000213df6a0000)

Polling page: 0x00000213bd460000

Metaspace:

Usage:
  Non-class:    895.77 KB used.
      Class:    103.52 KB used.
       Both:    999.29 KB used.

Virtual space:
  Non-class space:       64.00 MB reserved,       1.00 MB (  2%) committed,  1 nodes.
      Class space:        1.00 GB reserved,     192.00 KB ( <1%) committed,  1 nodes.
             Both:        1.06 GB reserved,       1.19 MB ( <1%) committed. 

Chunk freelists:
   Non-Class:  11.74 MB
       Class:  15.68 MB
        Both:  27.42 MB

MaxMetaspaceSize: unlimited
CompressedClassSpaceSize: 1.00 GB
Initial GC threshold: 21.00 MB
Current GC threshold: 21.00 MB
CDS: on
MetaspaceReclaimPolicy: balanced
 - commit_granule_bytes: 65536.
 - commit_granule_words: 8192.
 - virtual_space_node_default_size: 8388608.
 - enlarge_chunks_in_place: 1.
 - new_chunks_are_fully_committed: 0.
 - uncommit_free_chunks: 1.
 - use_allocation_guard: 0.
 - handle_deallocations: 1.


Internal statistics:

num_allocs_failed_limit: 0.
num_arena_births: 52.
num_arena_deaths: 0.
num_vsnodes_births: 2.
num_vsnodes_deaths: 0.
num_space_committed: 19.
num_space_uncommitted: 0.
num_chunks_returned_to_freelist: 0.
num_chunks_taken_from_freelist: 78.
num_chunk_merges: 0.
num_chunk_splits: 47.
num_chunks_enlarged: 31.
num_inconsistent_stats: 0.

CodeHeap 'non-profiled nmethods': size=120000Kb used=90Kb max_used=90Kb free=119909Kb
 bounds [0x00000213ce9b0000, 0x00000213cec20000, 0x00000213d5ee0000]
CodeHeap 'profiled nmethods': size=120000Kb used=242Kb max_used=242Kb free=119757Kb
 bounds [0x00000213c6ee0000, 0x00000213c7150000, 0x00000213ce410000]
CodeHeap 'non-nmethods': size=5760Kb used=1128Kb max_used=1141Kb free=4631Kb
 bounds [0x00000213ce410000, 0x00000213ce680000, 0x00000213ce9b0000]
 total_blobs=655 nmethods=244 adapters=324
 compilation: enabled
              stopped_count=0, restarted_count=0
 full_count=0

Compilation events (20 events):
Event: 0.166 Thread 0x00000213e1bae500  205       3       sun.invoke.util.VerifyAccess::isTypeVisible (118 bytes)
Event: 0.168 Thread 0x00000213e1bae500 nmethod 205 0x00000213c6f16410 code [0x00000213c6f16820, 0x00000213c6f18898]
Event: 0.168 Thread 0x00000213e1bae500  208       3       java.util.Arrays::equals (57 bytes)
Event: 0.168 Thread 0x00000213e1bae500 nmethod 208 0x00000213c6f19210 code [0x00000213c6f19400, 0x00000213c6f199e8]
Event: 0.168 Thread 0x00000213e1bae500  211       3       jdk.internal.org.objectweb.asm.Symbol::<init> (38 bytes)
Event: 0.168 Thread 0x00000213e1bae500 nmethod 211 0x00000213c6f19b90 code [0x00000213c6f19d40, 0x00000213c6f19ff8]
Event: 0.168 Thread 0x00000213e1bae500  212       3       jdk.internal.org.objectweb.asm.SymbolTable::put (150 bytes)
Event: 0.169 Thread 0x00000213e1bae500 nmethod 212 0x00000213c6f1a110 code [0x00000213c6f1a300, 0x00000213c6f1abd8]
Event: 0.169 Thread 0x00000213e1bae500  213       3       java.lang.Number::<init> (5 bytes)
Event: 0.169 Thread 0x00000213e1bae500 nmethod 213 0x00000213c6f1ae90 code [0x00000213c6f1b020, 0x00000213c6f1b178]
Event: 0.169 Thread 0x00000213e1bae500  210       1       java.lang.invoke.LambdaForm$Name::index (5 bytes)
Event: 0.169 Thread 0x00000213e1bae500 nmethod 210 0x00000213ce9c1a10 code [0x00000213ce9c1ba0, 0x00000213ce9c1c78]
Event: 0.169 Thread 0x00000213e1bae500  209       3       sun.invoke.util.Wrapper::hashPrim (30 bytes)
Event: 0.169 Thread 0x00000213e1bae500 nmethod 209 0x00000213c6f1b210 code [0x00000213c6f1b4a0, 0x00000213c6f1c0c8]
Event: 0.169 Thread 0x00000213e1bae500  216       3       jdk.internal.org.objectweb.asm.ByteVector::putByte (39 bytes)
Event: 0.170 Thread 0x00000213e1bae500 nmethod 216 0x00000213c6f1c590 code [0x00000213c6f1c740, 0x00000213c6f1c928]
Event: 0.170 Thread 0x00000213e1bae500  222       3       jdk.internal.org.objectweb.asm.Frame::execute (2305 bytes)
Event: 0.171 Thread 0x00000213e1bacbe0  224   !   4       java.nio.DirectByteBuffer::get (34 bytes)
Event: 0.172 Thread 0x00000213e1bacbe0 nmethod 224 0x00000213ce9c2010 code [0x00000213ce9c21a0, 0x00000213ce9c22b8]
Event: 0.173 Thread 0x00000213e1bacbe0  226       4       java.nio.Buffer::scope (17 bytes)

GC Heap History (0 events):
No events

Deoptimization events (0 events):
No events

Classes unloaded (0 events):
No events

Classes redefined (0 events):
No events

Internal exceptions (0 events):
No events

VM Operations (2 events):
Event: 0.117 Executing VM operation: HandshakeAllThreads
Event: 0.117 Executing VM operation: HandshakeAllThreads done

Events (20 events):
Event: 0.154 loading class java/util/regex/Pattern$SliceS
Event: 0.154 loading class java/util/regex/Pattern$SliceS done
Event: 0.158 loading class java/lang/IllegalAccessException
Event: 0.158 loading class java/lang/IllegalAccessException done
Event: 0.158 loading class java/lang/InstantiationException
Event: 0.158 loading class java/lang/InstantiationException done
Event: 0.158 loading class java/lang/reflect/InvocationTargetException
Event: 0.158 loading class java/lang/reflect/InvocationTargetException done
Event: 0.158 loading class java/io/FileNotFoundException
Event: 0.158 loading class java/io/FileNotFoundException done
Event: 0.160 loading class jdk/internal/perf/Perf$CleanerAction
Event: 0.160 loading class jdk/internal/perf/Perf$CleanerAction done
Event: 0.170 loading class java/net/MalformedURLException
Event: 0.170 loading class java/net/MalformedURLException done
Event: 0.171 loading class java/lang/InterruptedException
Event: 0.171 loading class java/lang/InterruptedException done
Event: 0.173 loading class java/nio/HeapIntBuffer
Event: 0.173 loading class java/nio/HeapIntBuffer done
Event: 0.173 loading class jdk/internal/misc/ScopedMemoryAccess$Scope
Event: 0.173 loading class jdk/internal/misc/ScopedMemoryAccess$Scope done


Dynamic libraries:
0x00007ff6309b0000 - 0x00007ff6309c0000 	C:\Program Files\Java\jdk-17\bin\java.exe
0x00007ff983630000 - 0x00007ff983827000 	C:\WINDOWS\SYSTEM32\ntdll.dll
0x00007ff982f80000 - 0x00007ff98303d000 	C:\WINDOWS\System32\KERNEL32.DLL
0x00007ff981060000 - 0x00007ff981356000 	C:\WINDOWS\System32\KERNELBASE.dll
0x00007ff980d10000 - 0x00007ff980e10000 	C:\WINDOWS\System32\ucrtbase.dll
0x00007ff977c80000 - 0x00007ff977c9b000 	C:\Program Files\Java\jdk-17\bin\VCRUNTIME140.dll
0x00007ff9776f0000 - 0x00007ff977709000 	C:\Program Files\Java\jdk-17\bin\jli.dll
0x00007ff983040000 - 0x00007ff9830ee000 	C:\WINDOWS\System32\ADVAPI32.dll
0x00007ff981930000 - 0x00007ff9819ce000 	C:\WINDOWS\System32\msvcrt.dll
0x00007ff983410000 - 0x00007ff9834ac000 	C:\WINDOWS\System32\sechost.dll
0x00007ff982210000 - 0x00007ff982336000 	C:\WINDOWS\System32\RPCRT4.dll
0x00007ff981690000 - 0x00007ff98182e000 	C:\WINDOWS\System32\USER32.dll
0x00007ff981030000 - 0x00007ff981052000 	C:\WINDOWS\System32\win32u.dll
0x00007ff96bee0000 - 0x00007ff96c17a000 	C:\WINDOWS\WinSxS\amd64_microsoft.windows.common-controls_6595b64144ccf1df_6.0.19041.3570_none_60bb2a3971f3e41a\COMCTL32.dll
0x00007ff982480000 - 0x00007ff9824ac000 	C:\WINDOWS\System32\GDI32.dll
0x00007ff980e10000 - 0x00007ff980f2a000 	C:\WINDOWS\System32\gdi32full.dll
0x00007ff9815f0000 - 0x00007ff98168d000 	C:\WINDOWS\System32\msvcp_win.dll
0x00007ff97a810000 - 0x00007ff97a81a000 	C:\WINDOWS\SYSTEM32\VERSION.dll
0x00007ff9829d0000 - 0x00007ff982a00000 	C:\WINDOWS\System32\IMM32.DLL
0x00007ff97e4b0000 - 0x00007ff97e4bc000 	C:\Program Files\Java\jdk-17\bin\vcruntime140_1.dll
0x00007ff946fb0000 - 0x00007ff94703e000 	C:\Program Files\Java\jdk-17\bin\msvcp140.dll
0x00007ff917d20000 - 0x00007ff918901000 	C:\Program Files\Java\jdk-17\bin\server\jvm.dll
0x00007ff981920000 - 0x00007ff981928000 	C:\WINDOWS\System32\PSAPI.DLL
0x00007ff965de0000 - 0x00007ff965de9000 	C:\WINDOWS\SYSTEM32\WSOCK32.dll
0x00007ff9819d0000 - 0x00007ff981a3b000 	C:\WINDOWS\System32\WS2_32.dll
0x00007ff976c30000 - 0x00007ff976c57000 	C:\WINDOWS\SYSTEM32\WINMM.dll
0x00007ff97ebd0000 - 0x00007ff97ebe2000 	C:\WINDOWS\SYSTEM32\kernel.appcore.dll
0x00007ff9776a0000 - 0x00007ff9776aa000 	C:\Program Files\Java\jdk-17\bin\jimage.dll
0x00007ff974360000 - 0x00007ff974544000 	C:\WINDOWS\SYSTEM32\DBGHELP.DLL
0x00007ff966340000 - 0x00007ff966374000 	C:\WINDOWS\SYSTEM32\dbgcore.DLL
0x00007ff981530000 - 0x00007ff9815b2000 	C:\WINDOWS\System32\bcryptPrimitives.dll
0x00007ff9766d0000 - 0x00007ff9766f5000 	C:\Program Files\Java\jdk-17\bin\java.dll
0x00007ff939770000 - 0x00007ff939847000 	C:\Program Files\Java\jdk-17\bin\jsvml.dll
0x00007ff981ac0000 - 0x00007ff982204000 	C:\WINDOWS\System32\SHELL32.dll
0x00007ff97edd0000 - 0x00007ff97f56b000 	C:\WINDOWS\SYSTEM32\windows.storage.dll
0x00007ff982a00000 - 0x00007ff982d54000 	C:\WINDOWS\System32\combase.dll
0x00007ff980680000 - 0x00007ff9806ad000 	C:\WINDOWS\SYSTEM32\Wldp.dll
0x00007ff982920000 - 0x00007ff9829cd000 	C:\WINDOWS\System32\SHCORE.dll
0x00007ff983590000 - 0x00007ff9835e5000 	C:\WINDOWS\System32\shlwapi.dll
0x00007ff980c40000 - 0x00007ff980c65000 	C:\WINDOWS\SYSTEM32\profapi.dll
0x00007ff9775d0000 - 0x00007ff9775e9000 	C:\Program Files\Java\jdk-17\bin\net.dll
0x00007ff97a940000 - 0x00007ff97aa4a000 	C:\WINDOWS\SYSTEM32\WINHTTP.dll
0x00007ff9803e0000 - 0x00007ff98044a000 	C:\WINDOWS\system32\mswsock.dll
0x00007ff9766b0000 - 0x00007ff9766c6000 	C:\Program Files\Java\jdk-17\bin\nio.dll
0x00007ff96b260000 - 0x00007ff96b278000 	C:\Program Files\Java\jdk-17\bin\zip.dll
0x00007ff96a590000 - 0x00007ff96a5a0000 	C:\Program Files\Java\jdk-17\bin\verify.dll
0x00007ff96a240000 - 0x00007ff96a249000 	C:\Program Files\Java\jdk-17\bin\attach.dll

dbghelp: loaded successfully - version: 4.0.5 - missing functions: none
symbol engine: initialized successfully - sym options: 0x614 - pdb path: .;C:\Program Files\Java\jdk-17\bin;C:\WINDOWS\SYSTEM32;C:\WINDOWS\WinSxS\amd64_microsoft.windows.common-controls_6595b64144ccf1df_6.0.19041.3570_none_60bb2a3971f3e41a;C:\Program Files\Java\jdk-17\bin\server

VM Arguments:
java_command: net.bytebuddy.agent.Attacher com.sun.tools.attach.VirtualMachine 27304 C:\Users\user\.gradle\caches\modules-2\files-2.1\net.bytebuddy\byte-buddy-agent\1.11.13\8c7aaa0ef9863fa89a711bfc5d8e2e0affa0d67f\byte-buddy-agent-1.11.13.jar false 
java_class_path (initial): C:\Users\user\.gradle\caches\modules-2\files-2.1\net.bytebuddy\byte-buddy-agent\1.11.13\8c7aaa0ef9863fa89a711bfc5d8e2e0affa0d67f\byte-buddy-agent-1.11.13.jar
Launcher Type: SUN_STANDARD

[Global flags]
     intx CICompilerCount                          = 3                                         {product} {ergonomic}
     uint ConcGCThreads                            = 1                                         {product} {ergonomic}
     uint G1ConcRefinementThreads                  = 4                                         {product} {ergonomic}
   size_t G1HeapRegionSize                         = 2097152                                   {product} {ergonomic}
    uintx GCDrainStackTargetSize                   = 64                                        {product} {ergonomic}
   size_t InitialHeapSize                          = 268435456                                 {product} {ergonomic}
   size_t MarkStackSize                            = 4194304                                   {product} {ergonomic}
   size_t MaxHeapSize                              = 4286578688                                {product} {ergonomic}
   size_t MaxNewSize                               = 2571108352                                {product} {ergonomic}
   size_t MinHeapDeltaBytes                        = 2097152                                   {product} {ergonomic}
   size_t MinHeapSize                              = 8388608                                   {product} {ergonomic}
    uintx NonNMethodCodeHeapSize                   = 5832780                                {pd product} {ergonomic}
    uintx NonProfiledCodeHeapSize                  = 122912730                              {pd product} {ergonomic}
    uintx ProfiledCodeHeapSize                     = 122912730                              {pd product} {ergonomic}
    uintx ReservedCodeCacheSize                    = 251658240                              {pd product} {ergonomic}
     bool SegmentedCodeCache                       = true                                      {product} {ergonomic}
   size_t SoftMaxHeapSize                          = 4286578688                             {manageable} {ergonomic}
     bool UseCompressedClassPointers               = true                           {product lp64_product} {ergonomic}
     bool UseCompressedOops                        = true                           {product lp64_product} {ergonomic}
     bool UseG1GC                                  = true                                      {product} {ergonomic}
     bool UseLargePagesIndividualAllocation        = false                                  {pd product} {ergonomic}

Logging:
Log output configuration:
 #0: stdout all=warning uptime,level,tags
 #1: stderr all=off uptime,level,tags

Environment Variables:
PATH=C:/Á¤½ÂÈÆ/sts-4.19.0.RELEASE//plugins/org.eclipse.justj.openjdk.hotspot.jre.full.win32.x86_64_17.0.7.v20230425-1502/jre/bin/server;C:/Á¤½ÂÈÆ/sts-4.19.0.RELEASE//plugins/org.eclipse.justj.openjdk.hotspot.jre.full.win32.x86_64_17.0.7.v20230425-1502/jre/bin;C:\oraclexe\app\oracle\product\11.2.0\server\bin;;C:\app\user\product\21c\dbhomeXE\bin;%JAVA_HOME%\bin\;C:\Program Files\Common Files\Oracle\Java\javapath;C:\WINDOWS\system32;C:\WINDOWS;C:\WINDOWS\System32\Wbem;C:\WINDOWS\System32\WindowsPowerShell\v1.0\;C:\WINDOWS\System32\OpenSSH\;C:\Program Files (x86)\NVIDIA Corporation\PhysX\Common;C:\Program Files\NVIDIA Corporation\NVIDIA NvDLISR;C:\Program Files\dotnet\;C:\ProgramData\chocolatey\bin;C:\Program Files\Java\jdk-11\bin;C:\Program Files\Git\cmd;C:\Users\user\AppData\Local\Microsoft\WindowsApps;C:\Users\user\AppData\Local\Programs\Microsoft VS Code\bin;C:\Program Files\JetBrains\IntelliJ IDEA Community Edition 2023.1.1\bin;;C:\Á¤½ÂÈÆ\sts-4.19.0.RELEASE;
USERNAME=user
OS=Windows_NT
PROCESSOR_IDENTIFIER=Intel64 Family 6 Model 58 Stepping 9, GenuineIntel



---------------  S Y S T E M  ---------------

OS:
 Windows 10 , 64 bit Build 19041 (10.0.19041.3570)
OS uptime: 4 days 4:16 hours

CPU: total 4 (initial active 4) (4 cores per cpu, 1 threads per core) family 6 model 58 stepping 9 microcode 0x21, cx8, cmov, fxsr, mmx, sse, sse2, sse3, ssse3, sse4.1, sse4.2, popcnt, tsc, tscinvbit, avx, aes, erms, clmul, vzeroupper, clflush

Memory: 4k page, system-wide physical 16348M (6640M free)
TotalPageFile size 16348M (AvailPageFile size 11M)
current process WorkingSet (physical memory assigned to process): 40M, peak: 40M
current process commit charge ("private bytes"): 337M, peak: 337M

vm_info: Java HotSpot(TM) 64-Bit Server VM (17.0.9+11-LTS-201) for windows-amd64 JRE (17.0.9+11-LTS-201), built on Oct 10 2023 23:16:06 by "mach5one" with MS VC++ 17.1 (VS2022)

END.
